<?xml version='1.0' encoding='UTF-8'?>
<testsuite hostname="christian-pc" name="kmeans.KMeansSuite" tests="5" errors="0" failures="0" skipped="0" time="0.324" timestamp="2021-02-21T10:52:33">
                     <properties>
      <property name="jline.esc.timeout" value="0"/><property name="jna.platform.library.path" value="/usr/lib/x86_64-linux-gnu:/lib/x86_64-linux-gnu:/usr/lib64:/lib64:/usr/lib:/lib:/lib/i386-linux-gnu:/lib/i386-linux-gnu/i686/sse2:/lib/i386-linux-gnu/sse2:/usr/lib/x86_64-linux-gnu/libfakeroot"/><property name="java.runtime.name" value="OpenJDK Runtime Environment"/><property name="sun.boot.library.path" value="/home/chr1st14n_ru4/.jdks/corretto-1.8.0_275/jre/lib/amd64"/><property name="java.vm.version" value="25.275-b01"/><property name="java.vm.vendor" value="Amazon.com Inc."/><property name="java.vendor.url" value="https://aws.amazon.com/corretto/"/><property name="path.separator" value=":"/><property name="jna.loaded" value="true"/><property name="java.vm.name" value="OpenJDK 64-Bit Server VM"/><property name="file.encoding.pkg" value="sun.io"/><property name="user.country" value="US"/><property name="sun.java.launcher" value="SUN_STANDARD"/><property name="sun.os.patch.level" value="unknown"/><property name="jna.nosys" value="true"/><property name="java.vm.specification.name" value="Java Virtual Machine Specification"/><property name="user.dir" value="/home/chr1st14n_ru4/development/Scala/Parallel_Progamming/week3/kmeans"/><property name="java.runtime.version" value="1.8.0_275-b01"/><property name="java.awt.graphicsenv" value="sun.awt.X11GraphicsEnvironment"/><property name="idea.managed" value="true"/><property name="java.endorsed.dirs" value="/home/chr1st14n_ru4/.jdks/corretto-1.8.0_275/jre/lib/endorsed"/><property name="os.arch" value="amd64"/><property name="java.io.tmpdir" value="/tmp"/><property name="line.separator" value="
"/><property name="java.vm.specification.vendor" value="Oracle Corporation"/><property name="os.name" value="Linux"/><property name="sun.jnu.encoding" value="UTF-8"/><property name="jnidispatch.path" value="/tmp/jna--1735688040/jna2880669478315465905.tmp"/><property name="java.library.path" value="/usr/java/packages/lib/amd64:/usr/lib64:/lib64:/lib:/usr/lib"/><property name="java.specification.name" value="Java Platform API Specification"/><property name="java.class.version" value="52.0"/><property name="sun.management.compiler" value="HotSpot 64-Bit Tiered Compilers"/><property name="os.version" value="5.10.0-1-amd64"/><property name="user.home" value="/home/chr1st14n_ru4"/><property name="user.timezone" value="America/Bogota"/><property name="java.awt.printerjob" value="sun.print.PSPrinterJob"/><property name="file.encoding" value="UTF-8"/><property name="java.specification.version" value="1.8"/><property name="java.class.path" value="/home/chr1st14n_ru4/.local/share/JetBrains/IdeaIC2020.2/Scala/launcher/sbt-launch.jar"/><property name="user.name" value="chr1st14n_ru4"/><property name="jline.shutdownhook" value="false"/><property name="java.vm.specification.version" value="1.8"/><property name="sun.java.command" value="/home/chr1st14n_ru4/.local/share/JetBrains/IdeaIC2020.2/Scala/launcher/sbt-launch.jar early(addPluginSbtFile=&quot;&quot;&quot;/tmp/idea1.sbt&quot;&quot;&quot;) ; set ideaPort in Global := 42325 ; idea-shell"/><property name="java.home" value="/home/chr1st14n_ru4/.jdks/corretto-1.8.0_275/jre"/><property name="sun.arch.data.model" value="64"/><property name="user.language" value="en"/><property name="java.specification.vendor" value="Oracle Corporation"/><property name="awt.toolkit" value="sun.awt.X11.XToolkit"/><property name="java.vm.info" value="mixed mode"/><property name="java.version" value="1.8.0_275"/><property name="java.ext.dirs" value="/home/chr1st14n_ru4/.jdks/corretto-1.8.0_275/jre/lib/ext:/usr/java/packages/lib/ext"/><property name="sun.boot.class.path" value="/home/chr1st14n_ru4/.jdks/corretto-1.8.0_275/jre/lib/resources.jar:/home/chr1st14n_ru4/.jdks/corretto-1.8.0_275/jre/lib/rt.jar:/home/chr1st14n_ru4/.jdks/corretto-1.8.0_275/jre/lib/sunrsasign.jar:/home/chr1st14n_ru4/.jdks/corretto-1.8.0_275/jre/lib/jsse.jar:/home/chr1st14n_ru4/.jdks/corretto-1.8.0_275/jre/lib/jce.jar:/home/chr1st14n_ru4/.jdks/corretto-1.8.0_275/jre/lib/charsets.jar:/home/chr1st14n_ru4/.jdks/corretto-1.8.0_275/jre/lib/jfr.jar:/home/chr1st14n_ru4/.jdks/corretto-1.8.0_275/jre/classes"/><property name="java.vendor" value="Amazon.com Inc."/><property name="file.separator" value="/"/><property name="java.vendor.url.bug" value="https://github.com/corretto/corretto-8/issues/"/><property name="sbt.supershell" value="false"/><property name="sun.io.unicode.encoding" value="UnicodeLittle"/><property name="sun.cpu.endian" value="little"/><property name="sun.cpu.isalist" value=""/>
    </properties>
                     <testcase classname="kmeans.KMeansSuite" name="'classify' should work for empty 'points' and 'means' == Seq(Point(1,1,1))" time="0.169">
                                                 
                                               </testcase><testcase classname="kmeans.KMeansSuite" name="'classify' should work for 'points' == Seq((1, 1, 0), (1, -1, 0), (-1, 1, 0), (-1, -1, 0)) and 'means' == Seq((1, 0, 0), (-1, 0, 0))" time="0.024">
                                                 
                                               </testcase><testcase classname="kmeans.KMeansSuite" name="'classify should work for empty 'points' and empty 'means'" time="0.001">
                                                 
                                               </testcase><testcase classname="kmeans.KMeansSuite" name="'classify' should work for 'points' == Seq((1, 1, 0), (1, -1, 0), (-1, 1, 0), (-1, -1, 0)) and 'means' == Seq((0, 0, 0))" time="0.001">
                                                 
                                               </testcase><testcase classname="kmeans.KMeansSuite" name="'classify' with data parallelism should work for empty 'points' and empty 'means'" time="0.129">
                                                 
                                               </testcase>
                     <system-out><![CDATA[]]></system-out>
                     <system-err><![CDATA[]]></system-err>
                   </testsuite>